2024-02-01T04:02:10+00:00 CRITICAL Uncaught Error: Call to undefined function isao_page_template() in /var/www/html/wp-content/themes/redis-test-theme/header.php:238
Stack trace:
#0 /var/www/html/wp-includes/template.php(790): require_once()
#1 /var/www/html/wp-includes/template.php(725): load_template('/var/www/html/w...', true, Array)
#2 /var/www/html/wp-includes/general-template.php(48): locate_template(Array, true, true, Array)
#3 /var/www/html/wp-content/themes/redis-test-theme/templates/shop-template.php(3): get_header()
#4 /var/www/html/wp-includes/template-loader.php(106): include('/var/www/html/w...')
#5 /var/www/html/wp-blog-header.php(19): require_once('/var/www/html/w...')
#6 /var/www/html/index.php(17): require('/var/www/html/w...')
#7 {main}
  thrown in /var/www/html/wp-content/themes/redis-test-theme/header.php on line 238

2024-02-01T04:02:10+00:00 CRITICAL Uncaught Error: Call to undefined function isao_page_template() in /var/www/html/wp-content/themes/redis-test-theme/header.php:238
Stack trace:
#0 /var/www/html/wp-includes/template.php(790): require_once()
#1 /var/www/html/wp-includes/template.php(725): load_template('/var/www/html/w...', true, Array)
#2 /var/www/html/wp-includes/general-template.php(48): locate_template(Array, true, true, Array)
#3 /var/www/html/wp-content/themes/redis-test-theme/404.php(10): get_header()
#4 /var/www/html/wp-includes/template-loader.php(106): include('/var/www/html/w...')
#5 /var/www/html/wp-blog-header.php(19): require_once('/var/www/html/w...')
#6 /var/www/html/index.php(17): require('/var/www/html/w...')
#7 {main}
  thrown in /var/www/html/wp-content/themes/redis-test-theme/header.php on line 238

2024-02-01T04:02:10+00:00 CRITICAL Uncaught Error: Call to undefined function isao_page_template() in /var/www/html/wp-content/themes/redis-test-theme/header.php:238
Stack trace:
#0 /var/www/html/wp-includes/template.php(790): require_once()
#1 /var/www/html/wp-includes/template.php(725): load_template('/var/www/html/w...', true, Array)
#2 /var/www/html/wp-includes/general-template.php(48): locate_template(Array, true, true, Array)
#3 /var/www/html/wp-content/themes/redis-test-theme/404.php(10): get_header()
#4 /var/www/html/wp-includes/template-loader.php(106): include('/var/www/html/w...')
#5 /var/www/html/wp-blog-header.php(19): require_once('/var/www/html/w...')
#6 /var/www/html/index.php(17): require('/var/www/html/w...')
#7 {main}
  thrown in /var/www/html/wp-content/themes/redis-test-theme/header.php on line 238

2024-02-01T04:02:10+00:00 CRITICAL Uncaught Error: Call to undefined function isao_page_template() in /var/www/html/wp-content/themes/redis-test-theme/header.php:238
Stack trace:
#0 /var/www/html/wp-includes/template.php(790): require_once()
#1 /var/www/html/wp-includes/template.php(725): load_template('/var/www/html/w...', true, Array)
#2 /var/www/html/wp-includes/general-template.php(48): locate_template(Array, true, true, Array)
#3 /var/www/html/wp-content/themes/redis-test-theme/404.php(10): get_header()
#4 /var/www/html/wp-includes/template-loader.php(106): include('/var/www/html/w...')
#5 /var/www/html/wp-blog-header.php(19): require_once('/var/www/html/w...')
#6 /var/www/html/index.php(17): require('/var/www/html/w...')
#7 {main}
  thrown in /var/www/html/wp-content/themes/redis-test-theme/header.php on line 238

2024-02-01T06:34:07+00:00 CRITICAL syntax error, unexpected identifier "get_cars", expecting variable or "$" in /var/www/html/wp-content/themes/redis-test-theme/templates/shop-template.php on line 4

2024-02-01T06:35:10+00:00 CRITICAL Uncaught Error: Class "Redis_Theme_Handler" not found in /var/www/html/wp-content/themes/redis-test-theme/templates/shop-template.php:4
Stack trace:
#0 /var/www/html/wp-includes/template-loader.php(106): include()
#1 /var/www/html/wp-blog-header.php(19): require_once('/var/www/html/w...')
#2 /var/www/html/index.php(17): require('/var/www/html/w...')
#3 {main}
  thrown in /var/www/html/wp-content/themes/redis-test-theme/templates/shop-template.php on line 4

2024-02-01T06:36:28+00:00 CRITICAL Uncaught Error: Call to private Redis_Theme_Handler::__construct() from global scope in /var/www/html/wp-content/themes/redis-test-theme/templates/shop-template.php:4
Stack trace:
#0 /var/www/html/wp-includes/template-loader.php(106): include()
#1 /var/www/html/wp-blog-header.php(19): require_once('/var/www/html/w...')
#2 /var/www/html/index.php(17): require('/var/www/html/w...')
#3 {main}
  thrown in /var/www/html/wp-content/themes/redis-test-theme/templates/shop-template.php on line 4

2024-02-01T06:44:30+00:00 CRITICAL syntax error, unexpected identifier "get_instance", expecting variable or "$" in /var/www/html/wp-content/themes/redis-test-theme/templates/shop-template.php on line 4

2024-02-01T06:57:36+00:00 CRITICAL Uncaught TypeError: implode(): Argument #2 ($array) must be of type ?array, string given in /var/www/html/wp-content/plugins/custom-redis-theme-function/custom-redis-theme-function.php:57
Stack trace:
#0 /var/www/html/wp-content/plugins/custom-redis-theme-function/custom-redis-theme-function.php(57): implode('','', 'BMW')
#1 /var/www/html/wp-content/plugins/custom-redis-theme-function/custom-redis-theme-function.php(33): Redis_Theme_Handler->get_cars_from_database('BMW')
#2 /var/www/html/wp-content/themes/redis-test-theme/templates/shop-template.php(5): Redis_Theme_Handler->get_cars('BMW')
#3 /var/www/html/wp-includes/template-loader.php(106): include('/var/www/html/w...')
#4 /var/www/html/wp-blog-header.php(19): require_once('/var/www/html/w...')
#5 /var/www/html/index.php(17): require('/var/www/html/w...')
#6 {main}
  thrown in /var/www/html/wp-content/plugins/custom-redis-theme-function/custom-redis-theme-function.php on line 57

2024-02-01T08:41:32+00:00 CRITICAL Uncaught Exception: Invalid product. in /var/www/html/wp-content/plugins/woocommerce/includes/data-stores/class-wc-product-data-store-cpt.php:167
Stack trace:
#0 /var/www/html/wp-content/plugins/woocommerce/includes/class-wc-data-store.php(159): WC_Product_Data_Store_CPT->read(Object(WC_Product))
#1 /var/www/html/wp-content/plugins/woocommerce/includes/abstracts/abstract-wc-product.php(138): WC_Data_Store->read(Object(WC_Product))
#2 /var/www/html/wp-content/themes/redis-test-theme/template-parts/content-car-card.php(4): WC_Product->__construct(26)
#3 /var/www/html/wp-includes/template.php(792): require('/var/www/html/w...')
#4 /var/www/html/wp-includes/template.php(725): load_template('/var/www/html/w...', false, Array)
#5 /var/www/html/wp-includes/general-template.php(206): locate_template(Array, true, false, Array)
#6 /var/www/html/wp-content/themes/redis-test-theme/templates/shop-template.php(135): get_template_part('template-parts/...', 'car-card')
#7 /var/www/html/wp-includes/template-loader.php(106): include('/var/www/html/w...')
#8 /var/www/html/wp-blog-header.php(19): require_once('/var/www/html/w...')
#9 /var/www/html/index.php(17): require('/var/www/html/w...')
#10 {main}
  thrown in /var/www/html/wp-content/plugins/woocommerce/includes/data-stores/class-wc-product-data-store-cpt.php on line 167

2024-02-01T08:43:00+00:00 CRITICAL Uncaught Exception: Invalid product. in /var/www/html/wp-content/plugins/woocommerce/includes/data-stores/class-wc-product-data-store-cpt.php:167
Stack trace:
#0 /var/www/html/wp-content/plugins/woocommerce/includes/class-wc-data-store.php(159): WC_Product_Data_Store_CPT->read(Object(WC_Product))
#1 /var/www/html/wp-content/plugins/woocommerce/includes/abstracts/abstract-wc-product.php(138): WC_Data_Store->read(Object(WC_Product))
#2 /var/www/html/wp-content/themes/redis-test-theme/template-parts/content-car-card.php(4): WC_Product->__construct(26)
#3 /var/www/html/wp-includes/template.php(792): require('/var/www/html/w...')
#4 /var/www/html/wp-includes/template.php(725): load_template('/var/www/html/w...', false, Array)
#5 /var/www/html/wp-includes/general-template.php(206): locate_template(Array, true, false, Array)
#6 /var/www/html/wp-content/themes/redis-test-theme/templates/shop-template.php(136): get_template_part('template-parts/...', 'car-card')
#7 /var/www/html/wp-includes/template-loader.php(106): include('/var/www/html/w...')
#8 /var/www/html/wp-blog-header.php(19): require_once('/var/www/html/w...')
#9 /var/www/html/index.php(17): require('/var/www/html/w...')
#10 {main}
  thrown in /var/www/html/wp-content/plugins/woocommerce/includes/data-stores/class-wc-product-data-store-cpt.php on line 167

2024-02-01T08:47:13+00:00 CRITICAL Uncaught Error: Call to a member function have_posts() on null in /var/www/html/wp-content/themes/redis-test-theme/templates/shop-template.php:134
Stack trace:
#0 /var/www/html/wp-includes/template-loader.php(106): include()
#1 /var/www/html/wp-blog-header.php(19): require_once('/var/www/html/w...')
#2 /var/www/html/index.php(17): require('/var/www/html/w...')
#3 {main}
  thrown in /var/www/html/wp-content/themes/redis-test-theme/templates/shop-template.php on line 134

2024-02-01T08:47:29+00:00 CRITICAL Uncaught Error: Call to a member function have_posts() on null in /var/www/html/wp-content/themes/redis-test-theme/templates/shop-template.php:134
Stack trace:
#0 /var/www/html/wp-includes/template-loader.php(106): include()
#1 /var/www/html/wp-blog-header.php(19): require_once('/var/www/html/w...')
#2 /var/www/html/index.php(17): require('/var/www/html/w...')
#3 {main}
  thrown in /var/www/html/wp-content/themes/redis-test-theme/templates/shop-template.php on line 134

2024-02-01T08:47:44+00:00 CRITICAL Uncaught Error: Call to a member function have_posts() on null in /var/www/html/wp-content/themes/redis-test-theme/templates/shop-template.php:134
Stack trace:
#0 /var/www/html/wp-includes/template-loader.php(106): include()
#1 /var/www/html/wp-blog-header.php(19): require_once('/var/www/html/w...')
#2 /var/www/html/index.php(17): require('/var/www/html/w...')
#3 {main}
  thrown in /var/www/html/wp-content/themes/redis-test-theme/templates/shop-template.php on line 134

2024-02-01T08:48:43+00:00 CRITICAL Uncaught Error: Call to a member function have_posts() on null in /var/www/html/wp-content/themes/redis-test-theme/templates/shop-template.php:134
Stack trace:
#0 /var/www/html/wp-includes/template-loader.php(106): include()
#1 /var/www/html/wp-blog-header.php(19): require_once('/var/www/html/w...')
#2 /var/www/html/index.php(17): require('/var/www/html/w...')
#3 {main}
  thrown in /var/www/html/wp-content/themes/redis-test-theme/templates/shop-template.php on line 134

2024-02-01T08:49:05+00:00 CRITICAL Uncaught Error: Call to a member function have_posts() on array in /var/www/html/wp-content/themes/redis-test-theme/templates/shop-template.php:134
Stack trace:
#0 /var/www/html/wp-includes/template-loader.php(106): include()
#1 /var/www/html/wp-blog-header.php(19): require_once('/var/www/html/w...')
#2 /var/www/html/index.php(17): require('/var/www/html/w...')
#3 {main}
  thrown in /var/www/html/wp-content/themes/redis-test-theme/templates/shop-template.php on line 134

2024-02-01T09:04:42+00:00 CRITICAL Uncaught Error: Cannot use object of type stdClass as array in /var/www/html/wp-content/themes/redis-test-theme/template-parts/content-car-card.php:2
Stack trace:
#0 /var/www/html/wp-includes/template.php(792): require()
#1 /var/www/html/wp-includes/template.php(725): load_template('/var/www/html/w...', false, Object(stdClass))
#2 /var/www/html/wp-includes/general-template.php(206): locate_template(Array, true, false, Object(stdClass))
#3 /var/www/html/wp-content/themes/redis-test-theme/templates/shop-template.php(136): get_template_part('template-parts/...', 'car-card', Object(stdClass))
#4 /var/www/html/wp-includes/template-loader.php(106): include('/var/www/html/w...')
#5 /var/www/html/wp-blog-header.php(19): require_once('/var/www/html/w...')
#6 /var/www/html/index.php(17): require('/var/www/html/w...')
#7 {main}
  thrown in /var/www/html/wp-content/themes/redis-test-theme/template-parts/content-car-card.php on line 2

2024-02-01T09:16:39+00:00 CRITICAL Uncaught TypeError: implode(): Argument #2 ($array) must be of type ?array, string given in /var/www/html/wp-content/plugins/custom-redis-theme-function/custom-redis-theme-function.php:68
Stack trace:
#0 /var/www/html/wp-content/plugins/custom-redis-theme-function/custom-redis-theme-function.php(68): implode(',', 'bmw')
#1 /var/www/html/wp-content/plugins/custom-redis-theme-function/custom-redis-theme-function.php(58): Redis_Theme_Handler->get_cars_from_redis('bmw')
#2 /var/www/html/wp-content/themes/redis-test-theme/templates/shop-template.php(13): Redis_Theme_Handler->get_cars('bmw')
#3 /var/www/html/wp-includes/template-loader.php(106): include('/var/www/html/w...')
#4 /var/www/html/wp-blog-header.php(19): require_once('/var/www/html/w...')
#5 /var/www/html/index.php(17): require('/var/www/html/w...')
#6 {main}
  thrown in /var/www/html/wp-content/plugins/custom-redis-theme-function/custom-redis-theme-function.php on line 68

2024-02-01T09:24:39+00:00 CRITICAL Uncaught Error: Call to undefined function money_format() in /var/www/html/wp-content/themes/redis-test-theme/template-parts/content-car-card.php:7
Stack trace:
#0 /var/www/html/wp-includes/template.php(792): require()
#1 /var/www/html/wp-includes/template.php(725): load_template('/var/www/html/w...', false, Object(stdClass))
#2 /var/www/html/wp-includes/general-template.php(206): locate_template(Array, true, false, Object(stdClass))
#3 /var/www/html/wp-content/themes/redis-test-theme/templates/shop-template.php(139): get_template_part('template-parts/...', 'car-card', Object(stdClass))
#4 /var/www/html/wp-includes/template-loader.php(106): include('/var/www/html/w...')
#5 /var/www/html/wp-blog-header.php(19): require_once('/var/www/html/w...')
#6 /var/www/html/index.php(17): require('/var/www/html/w...')
#7 {main}
  thrown in /var/www/html/wp-content/themes/redis-test-theme/template-parts/content-car-card.php on line 7

